#
# There is insufficient memory for the Java Runtime Environment to continue.
# Native memory allocation (malloc) failed to allocate 1048576 bytes for AllocateHeap
# Possible reasons:
#   The system is out of physical RAM or swap space
#   The process is running with CompressedOops enabled, and the Java Heap may be blocking the growth of the native heap
# Possible solutions:
#   Reduce memory load on the system
#   Increase physical memory or swap space
#   Check if swap backing store is full
#   Decrease Java heap size (-Xmx/-Xms)
#   Decrease number of Java threads
#   Decrease Java thread stack sizes (-Xss)
#   Set larger code cache with -XX:ReservedCodeCacheSize=
#   JVM is running with Zero Based Compressed Oops mode in which the Java heap is
#     placed in the first 32GB address space. The Java Heap base address is the
#     maximum limit for the native heap growth. Please use -XX:HeapBaseMinAddress
#     to set the Java Heap base and to place the Java Heap above 32GB virtual address.
# This output file may be truncated or incomplete.
#
#  Out of Memory Error (memory/allocation.inline.hpp:61), pid=11664, tid=0x00000000000024e0
#
# JRE version:  (8.0_261-b12) (build )
# Java VM: Java HotSpot(TM) 64-Bit Server VM (25.261-b12 mixed mode windows-amd64 compressed oops)
# Failed to write core dump. Minidumps are not enabled by default on client versions of Windows
#

---------------  T H R E A D  ---------------

Current thread (0x000002231c1c4800):  JavaThread "Unknown thread" [_thread_in_vm, id=9440, stack(0x000000e4c1700000,0x000000e4c1800000)]

Stack: [0x000000e4c1700000,0x000000e4c1800000]
Native frames: (J=compiled Java code, j=interpreted, Vv=VM code, C=native code)
V  [jvm.dll+0x33e5f9]


---------------  P R O C E S S  ---------------

Java Threads: ( => current thread )

Other Threads:

=>0x000002231c1c4800 (exited) JavaThread "Unknown thread" [_thread_in_vm, id=9440, stack(0x000000e4c1700000,0x000000e4c1800000)]

VM state:not at safepoint (normal execution)

VM Mutex/Monitor currently owned by a thread: None

heap address: 0x0000000720e00000, size: 2546 MB, Compressed Oops mode: Zero based, Oop shift amount: 3
Narrow klass base: 0x0000000000000000, Narrow klass shift: 3
Compressed class space size: 1073741824 Address: 0x00000007c0000000

Heap:
 PSYoungGen      total 47616K, used 819K [0x000000078af80000, 0x000000078e480000, 0x00000007c0000000)
  eden space 40960K, 2% used [0x000000078af80000,0x000000078b04ccd8,0x000000078d780000)
  from space 6656K, 0% used [0x000000078de00000,0x000000078de00000,0x000000078e480000)
  to   space 6656K, 0% used [0x000000078d780000,0x000000078d780000,0x000000078de00000)
 ParOldGen       total 109568K, used 0K [0x0000000720e00000, 0x0000000727900000, 0x000000078af80000)
  object space 109568K, 0% used [0x0000000720e00000,0x0000000720e00000,0x0000000727900000)
 Metaspace       used 776K, capacity 4480K, committed 4480K, reserved 1056768K
  class space    used 76K, capacity 384K, committed 384K, reserved 1048576K

Card table byte_map: [0x000002232cf50000,0x000002232d450000] byte_map_base: 0x0000022329649000

Marking Bits: (ParMarkBitMap*) 0x0000000062074fb0
 Begin Bits: [0x000002232d7b0000, 0x000002232ff78000)
 End Bits:   [0x000002232ff78000, 0x0000022332740000)

Polling page: 0x000002231c170000

CodeCache: size=245760Kb used=327Kb max_used=327Kb free=245432Kb
 bounds [0x000002231db90000, 0x000002231de00000, 0x000002232cb90000]
 total_blobs=57 nmethods=0 adapters=38
 compilation: enabled

Compilation events (0 events):
No events

GC Heap History (0 events):
No events

Deoptimization events (0 events):
No events

Classes redefined (0 events):
No events

Internal exceptions (0 events):
No events

Events (10 events):
Event: 0.029 loading class java/lang/Short
Event: 0.029 loading class java/lang/Short done
Event: 0.029 loading class java/lang/Integer
Event: 0.029 loading class java/lang/Integer done
Event: 0.029 loading class java/lang/Long
Event: 0.029 loading class java/lang/Long done
Event: 0.030 loading class java/lang/NullPointerException
Event: 0.030 loading class java/lang/NullPointerException done
Event: 0.030 loading class java/lang/ArithmeticException
Event: 0.030 loading class java/lang/ArithmeticException done


Dynamic libraries:
0x00007ff74ad50000 - 0x00007ff74ad97000 	C:\Program Files\Java\jdk1.8.0_261\bin\java.exe
0x00007ff922860000 - 0x00007ff922a50000 	C:\WINDOWS\SYSTEM32\ntdll.dll
0x00007ff920e00000 - 0x00007ff920eb2000 	C:\WINDOWS\System32\KERNEL32.DLL
0x00007ff920460000 - 0x00007ff920705000 	C:\WINDOWS\System32\KERNELBASE.dll
0x00007ff921e70000 - 0x00007ff921f13000 	C:\WINDOWS\System32\ADVAPI32.dll
0x00007ff9212f0000 - 0x00007ff92138e000 	C:\WINDOWS\System32\msvcrt.dll
0x00007ff922550000 - 0x00007ff9225e7000 	C:\WINDOWS\System32\sechost.dll
0x00007ff921060000 - 0x00007ff921180000 	C:\WINDOWS\System32\RPCRT4.dll
0x00007ff920ec0000 - 0x00007ff921055000 	C:\WINDOWS\System32\USER32.dll
0x00007ff920170000 - 0x00007ff920191000 	C:\WINDOWS\System32\win32u.dll
0x00007ff921e40000 - 0x00007ff921e66000 	C:\WINDOWS\System32\GDI32.dll
0x00007ff920770000 - 0x00007ff920906000 	C:\WINDOWS\System32\gdi32full.dll
0x00007ff9203a0000 - 0x00007ff92043e000 	C:\WINDOWS\System32\msvcp_win.dll
0x00007ff920070000 - 0x00007ff92016a000 	C:\WINDOWS\System32\ucrtbase.dll
0x00007ff90d350000 - 0x00007ff90d5d4000 	C:\WINDOWS\WinSxS\amd64_microsoft.windows.common-controls_6595b64144ccf1df_6.0.18362.1082_none_9e8193e1e45b25c1\COMCTL32.dll
0x00007ff921b00000 - 0x00007ff921e35000 	C:\WINDOWS\System32\combase.dll
0x00007ff9201a0000 - 0x00007ff920220000 	C:\WINDOWS\System32\bcryptPrimitives.dll
0x00007ff920cf0000 - 0x00007ff920d1e000 	C:\WINDOWS\System32\IMM32.DLL
0x00007ff91d4e0000 - 0x00007ff91d4f5000 	C:\Program Files\Java\jdk1.8.0_261\jre\bin\vcruntime140.dll
0x00007ff905220000 - 0x00007ff9052bb000 	C:\Program Files\Java\jdk1.8.0_261\jre\bin\msvcp140.dll
0x0000000061880000 - 0x00000000620ec000 	C:\Program Files\Java\jdk1.8.0_261\jre\bin\server\jvm.dll
0x00007ff920df0000 - 0x00007ff920df8000 	C:\WINDOWS\System32\PSAPI.DLL
0x00007ff91d500000 - 0x00007ff91d509000 	C:\WINDOWS\SYSTEM32\WSOCK32.dll
0x00007ff91d430000 - 0x00007ff91d454000 	C:\WINDOWS\SYSTEM32\WINMM.dll
0x00007ff917090000 - 0x00007ff91709a000 	C:\WINDOWS\SYSTEM32\VERSION.dll
0x00007ff9224d0000 - 0x00007ff92253f000 	C:\WINDOWS\System32\WS2_32.dll
0x00007ff91d400000 - 0x00007ff91d42d000 	C:\WINDOWS\SYSTEM32\WINMMBASE.dll
0x00007ff920020000 - 0x00007ff92006a000 	C:\WINDOWS\System32\cfgmgr32.dll
0x00007ff91f7d0000 - 0x00007ff91f7e1000 	C:\WINDOWS\System32\kernel.appcore.dll
0x00007ff91bd40000 - 0x00007ff91bd50000 	C:\Program Files\Java\jdk1.8.0_261\jre\bin\verify.dll
0x00007ff910390000 - 0x00007ff9103bb000 	C:\Program Files\Java\jdk1.8.0_261\jre\bin\java.dll
0x00007ff910080000 - 0x00007ff9100b2000 	C:\Program Files\Java\jdk1.8.0_261\jre\bin\instrument.dll
0x00007ff919b90000 - 0x00007ff919ba8000 	C:\Program Files\Java\jdk1.8.0_261\jre\bin\zip.dll

VM Arguments:
jvm_args: -ea -Didea.test.cyclic.buffer.size=1048576 -javaagent:C:\Program Files\JetBrains\IntelliJ IDEA Community Edition 2020.1.3\lib\idea_rt.jar=58516:C:\Program Files\JetBrains\IntelliJ IDEA Community Edition 2020.1.3\bin -Dfile.encoding=UTF-8 
java_command: com.intellij.rt.testng.RemoteTestNGStarter -usedefaultlisteners false -socket58515 @w@C:\Users\elena\AppData\Local\Temp\idea_working_dirs_testng.tmp -temp C:\Users\elena\AppData\Local\Temp\idea_testng8.tmp
java_class_path (initial): C:\Program Files\JetBrains\IntelliJ IDEA Community Edition 2020.1.3\lib\idea_rt.jar;C:\Program Files\JetBrains\IntelliJ IDEA Community Edition 2020.1.3\plugins\testng\lib\testng-rt.jar;C:\Program Files\Java\jdk1.8.0_261\jre\lib\charsets.jar;C:\Program Files\Java\jdk1.8.0_261\jre\lib\deploy.jar;C:\Program Files\Java\jdk1.8.0_261\jre\lib\ext\access-bridge-64.jar;C:\Program Files\Java\jdk1.8.0_261\jre\lib\ext\cldrdata.jar;C:\Program Files\Java\jdk1.8.0_261\jre\lib\ext\dnsns.jar;C:\Program Files\Java\jdk1.8.0_261\jre\lib\ext\jaccess.jar;C:\Program Files\Java\jdk1.8.0_261\jre\lib\ext\jfxrt.jar;C:\Program Files\Java\jdk1.8.0_261\jre\lib\ext\localedata.jar;C:\Program Files\Java\jdk1.8.0_261\jre\lib\ext\nashorn.jar;C:\Program Files\Java\jdk1.8.0_261\jre\lib\ext\sunec.jar;C:\Program Files\Java\jdk1.8.0_261\jre\lib\ext\sunjce_provider.jar;C:\Program Files\Java\jdk1.8.0_261\jre\lib\ext\sunmscapi.jar;C:\Program Files\Java\jdk1.8.0_261\jre\lib\ext\sunpkcs11.jar;C:\Program Files\Java\jdk1.8.0_261\jre\lib\ext\zipfs.jar;C:\Program Files\Java\jdk1.8.0_261\jre\lib\javaws.jar;C:\Program Files\Java\jdk1.8.0_261\jre\lib\jce.jar;C:\Program Files\Java\jdk1.8.0_261\jre\lib\jfr.jar;C:\Program Files\Java\jdk1.8.0_261\jre\lib\jfxswt.jar;C:\Program Files\Java\jdk1.8.0_261\jre\lib\jsse.jar;C:\Program Files\Java\jdk1.8.0_261\jre\lib\management-agent.jar;C:\Program Files\Java\jdk1.8.0_261\jre\lib\plugin.jar;C:\Program Files\Java\jdk1.8.0_261\jre\lib\resources.jar;C:\Program Files\Java\jdk1.8.0_261\jre\lib\rt.jar;C:\Users\elena\IdeaProjects\HomeTask8\target\test-classes;C:\Users\elena\IdeaProjects\HomeTask8\target\classes;C:\Users\elena\.m2\repository\org\testng\testng\7.1.0\testng-7.1.0.jar;C:\Users\elena\.m2\repository\com\beust\jcommander\1.72\jcommander-1.72.jar;C:\Users\elena\.m2\repository\com\google\inject\guice\4.1.0\guice-4.1.0-no_aop.jar;C:\Users\elena\.m2\repository\javax\inject\javax.inject\1\javax.inject-1.jar;C:\Users\elena\.m2\repository\aopalliance\aopa
Launcher Type: SUN_STANDARD

Environment Variables:
JAVA_HOME=C:\Program Files\Java\jdk-1.8.0.261
PATH=C:\Program Files (x86)\Common Files\Oracle\Java\javapath;C:\ProgramData\Oracle\Java\javapath;C:\WINDOWS\system32;C:\WINDOWS;C:\WINDOWS\System32\Wbem;C:\WINDOWS\System32\WindowsPowerShell\v1.0\;C:\WINDOWS\System32\OpenSSH\;C:\Program Files\nodejs\;C:\Program Files (x86)\Yarn\bin\;C:\Program Files\Java\jdk-13.0.1\bin;C:\Program Files\Git\cmd;% JAVA_HOME% \ bin;%M2_HOME%\bin;C:\Users\elena\AppData\Local\Microsoft\WindowsApps;C:\Users\elena\AppData\Roaming\npm;C:\Users\elena\AppData\Local\Yarn\bin;C:\Users\elena\AppData\Local\Programs\Microsoft VS Code\bin;C:\Users\elena\AppData\Local\atom\bin
USERNAME=elena
OS=Windows_NT
PROCESSOR_IDENTIFIER=AMD64 Family 23 Model 24 Stepping 1, AuthenticAMD



---------------  S Y S T E M  ---------------

OS: Windows 10.0 , 64 bit Build 18362 (10.0.18362.1082)

CPU:total 8 (initial active 8) (8 cores per cpu, 1 threads per core) family 23 model 24 stepping 1, cmov, cx8, fxsr, mmx, sse, sse2, sse3, ssse3, sse4.1, sse4.2, popcnt, avx, avx2, aes, clmul, mmxext, 3dnowpref, lzcnt, sse4a, tsc, tscinvbit, tscinv, bmi1

Memory: 4k page, physical 10422828k(1758968k free), swap 10422828k(4392k free)

vm_info: Java HotSpot(TM) 64-Bit Server VM (25.261-b12) for windows-amd64 JRE (1.8.0_261-b12), built on Jun 18 2020 06:56:32 by "" with unknown MS VC++:1916

time: Fri Oct  9 00:51:18 2020
timezone: FLE Daylight Time
elapsed time: 0 seconds (0d 0h 0m 0s)

